<?xml version="1.0" encoding="UTF-8"?>
<robot generator="Robot 4.0.3 (Python 3.8.2 on win32)" generated="20210630 17:42:49.981" rpa="false" schemaversion="2">
<suite id="s1" name="Web Automation" source="C:\Treinamento Prime\Tests\web_automation.robot">
<test id="s1-t1" name="Caso de Teste 01: Pesquisar produto existente">
<kw name="Abrir navegador" library="reesurce" type="SETUP">
<kw name="Open Browser" library="SeleniumLibrary">
<arg>browser=${BROWSER}</arg>
<doc>Opens a new browser instance to the optional ``url``.</doc>
<msg timestamp="20210630 17:42:50.197" level="INFO">Opening browser 'chrome' to base url 'None'.</msg>
<status status="PASS" starttime="20210630 17:42:50.196" endtime="20210630 17:42:51.421"/>
</kw>
<kw name="Maximize Browser Window" library="SeleniumLibrary">
<doc>Maximizes current browser window.</doc>
<status status="PASS" starttime="20210630 17:42:51.421" endtime="20210630 17:42:51.542"/>
</kw>
<status status="PASS" starttime="20210630 17:42:50.195" endtime="20210630 17:42:51.542"/>
</kw>
<kw name="Acessar a página home do site Automation Practice" library="reesurce">
<kw name="Go To" library="SeleniumLibrary">
<arg>${URL}</arg>
<doc>Navigates the current browser window to the provided ``url``.</doc>
<msg timestamp="20210630 17:42:51.544" level="INFO">Opening url 'http://automationpractice.com'</msg>
<status status="PASS" starttime="20210630 17:42:51.543" endtime="20210630 17:42:55.399"/>
</kw>
<kw name="Wait Until Element Is Visible" library="SeleniumLibrary">
<arg>xpath=//*[@id='block_top_menu']/ul</arg>
<doc>Waits until the element ``locator`` is visible.</doc>
<status status="PASS" starttime="20210630 17:42:55.399" endtime="20210630 17:42:55.437"/>
</kw>
<kw name="Title Should Be" library="SeleniumLibrary">
<arg>My Store</arg>
<doc>Verifies that the current page title equals ``title``.</doc>
<msg timestamp="20210630 17:42:55.442" level="INFO">Page title is 'My Store'.</msg>
<status status="PASS" starttime="20210630 17:42:55.437" endtime="20210630 17:42:55.443"/>
</kw>
<status status="PASS" starttime="20210630 17:42:51.543" endtime="20210630 17:42:55.443"/>
</kw>
<kw name="Digitar o nome do produto &quot;Blouse&quot; no campo de pesquisa" library="reesurce" sourcename="Digitar o nome do produto &quot;${PRODUTO}&quot; no campo de pesquisa">
<kw name="Input Text" library="SeleniumLibrary">
<arg>name=search_query</arg>
<arg>${PRODUTO}</arg>
<doc>Types the given ``text`` into the text field identified by ``locator``.</doc>
<msg timestamp="20210630 17:42:55.445" level="INFO">Typing text 'Blouse' into text field 'name=search_query'.</msg>
<status status="PASS" starttime="20210630 17:42:55.444" endtime="20210630 17:42:55.758"/>
</kw>
<status status="PASS" starttime="20210630 17:42:55.443" endtime="20210630 17:42:55.758"/>
</kw>
<kw name="Clicar no botão pesquisar" library="reesurce">
<kw name="Click Element" library="SeleniumLibrary">
<arg>name=submit_search</arg>
<doc>Click the element identified by ``locator``.</doc>
<msg timestamp="20210630 17:42:55.759" level="INFO">Clicking element 'name=submit_search'.</msg>
<status status="PASS" starttime="20210630 17:42:55.759" endtime="20210630 17:42:55.847"/>
</kw>
<status status="PASS" starttime="20210630 17:42:55.758" endtime="20210630 17:42:55.847"/>
</kw>
<kw name="Conferir se o produto &quot;Blouse&quot; foi listado no site" library="reesurce" sourcename="Conferir se o produto &quot;${PRODUTO}&quot; foi listado no site">
<kw name="Title Should Be" library="SeleniumLibrary">
<arg>Search - My Store</arg>
<doc>Verifies that the current page title equals ``title``.</doc>
<msg timestamp="20210630 17:42:57.330" level="INFO">Page title is 'Search - My Store'.</msg>
<status status="PASS" starttime="20210630 17:42:55.852" endtime="20210630 17:42:57.330"/>
</kw>
<status status="PASS" starttime="20210630 17:42:55.851" endtime="20210630 17:42:57.331"/>
</kw>
<kw name="Fechar navegador" library="reesurce" type="TEARDOWN">
<kw name="Close Browser" library="SeleniumLibrary">
<doc>Closes the current browser.</doc>
<status status="PASS" starttime="20210630 17:42:57.333" endtime="20210630 17:42:59.502"/>
</kw>
<status status="PASS" starttime="20210630 17:42:57.331" endtime="20210630 17:42:59.502"/>
</kw>
<status status="PASS" starttime="20210630 17:42:50.194" endtime="20210630 17:42:59.503"/>
</test>
<test id="s1-t2" name="Caso de Teste 02: Pesquisar produto não existente">
<kw name="Abrir navegador" library="reesurce" type="SETUP">
<kw name="Open Browser" library="SeleniumLibrary">
<arg>browser=${BROWSER}</arg>
<doc>Opens a new browser instance to the optional ``url``.</doc>
<msg timestamp="20210630 17:42:59.507" level="INFO">Opening browser 'chrome' to base url 'None'.</msg>
<status status="PASS" starttime="20210630 17:42:59.506" endtime="20210630 17:43:00.723"/>
</kw>
<kw name="Maximize Browser Window" library="SeleniumLibrary">
<doc>Maximizes current browser window.</doc>
<status status="PASS" starttime="20210630 17:43:00.723" endtime="20210630 17:43:00.858"/>
</kw>
<status status="PASS" starttime="20210630 17:42:59.505" endtime="20210630 17:43:00.858"/>
</kw>
<kw name="Acessar a página home do site Automation Practice" library="reesurce">
<kw name="Go To" library="SeleniumLibrary">
<arg>${URL}</arg>
<doc>Navigates the current browser window to the provided ``url``.</doc>
<msg timestamp="20210630 17:43:00.862" level="INFO">Opening url 'http://automationpractice.com'</msg>
<status status="PASS" starttime="20210630 17:43:00.862" endtime="20210630 17:43:08.410"/>
</kw>
<kw name="Wait Until Element Is Visible" library="SeleniumLibrary">
<arg>xpath=//*[@id='block_top_menu']/ul</arg>
<doc>Waits until the element ``locator`` is visible.</doc>
<status status="PASS" starttime="20210630 17:43:08.410" endtime="20210630 17:43:08.444"/>
</kw>
<kw name="Title Should Be" library="SeleniumLibrary">
<arg>My Store</arg>
<doc>Verifies that the current page title equals ``title``.</doc>
<msg timestamp="20210630 17:43:08.449" level="INFO">Page title is 'My Store'.</msg>
<status status="PASS" starttime="20210630 17:43:08.445" endtime="20210630 17:43:08.449"/>
</kw>
<status status="PASS" starttime="20210630 17:43:00.861" endtime="20210630 17:43:08.449"/>
</kw>
<kw name="Digitar o nome do produto &quot;itemNãoExistente&quot; no campo de pesquisa" library="reesurce" sourcename="Digitar o nome do produto &quot;${PRODUTO}&quot; no campo de pesquisa">
<kw name="Input Text" library="SeleniumLibrary">
<arg>name=search_query</arg>
<arg>${PRODUTO}</arg>
<doc>Types the given ``text`` into the text field identified by ``locator``.</doc>
<msg timestamp="20210630 17:43:08.452" level="INFO">Typing text 'itemNãoExistente' into text field 'name=search_query'.</msg>
<status status="PASS" starttime="20210630 17:43:08.451" endtime="20210630 17:43:08.647"/>
</kw>
<status status="PASS" starttime="20210630 17:43:08.450" endtime="20210630 17:43:08.648"/>
</kw>
<kw name="Clicar no botão pesquisar" library="reesurce">
<kw name="Click Element" library="SeleniumLibrary">
<arg>name=submit_search</arg>
<doc>Click the element identified by ``locator``.</doc>
<msg timestamp="20210630 17:43:08.650" level="INFO">Clicking element 'name=submit_search'.</msg>
<status status="PASS" starttime="20210630 17:43:08.649" endtime="20210630 17:43:10.394"/>
</kw>
<status status="PASS" starttime="20210630 17:43:08.648" endtime="20210630 17:43:10.394"/>
</kw>
<kw name="Conferir mensagem &quot;No results were found for your search &quot;itemNãoExistente&quot;&quot;" library="reesurce" sourcename="Conferir mensagem &quot;${MENS_ALERTA}&quot;">
<kw name="Wait Until Element Is Visible" library="SeleniumLibrary">
<arg>xpath=//*[@id="center_column"]/p</arg>
<doc>Waits until the element ``locator`` is visible.</doc>
<status status="PASS" starttime="20210630 17:43:10.395" endtime="20210630 17:43:10.428"/>
</kw>
<kw name="Element Text Should Be" library="SeleniumLibrary">
<arg>xpath=//*[@id="center_column"]/p</arg>
<arg>${MENS_ALERTA}</arg>
<doc>Verifies that element ``locator`` contains exact the text ``expected``.</doc>
<msg timestamp="20210630 17:43:10.428" level="INFO">Verifying element 'xpath=//*[@id="center_column"]/p' contains exact text 'No results were found for your search "itemNãoExistente"'.</msg>
<status status="PASS" starttime="20210630 17:43:10.428" endtime="20210630 17:43:10.447"/>
</kw>
<status status="PASS" starttime="20210630 17:43:10.395" endtime="20210630 17:43:10.447"/>
</kw>
<kw name="Fechar navegador" library="reesurce" type="TEARDOWN">
<kw name="Close Browser" library="SeleniumLibrary">
<doc>Closes the current browser.</doc>
<status status="PASS" starttime="20210630 17:43:10.448" endtime="20210630 17:43:12.584"/>
</kw>
<status status="PASS" starttime="20210630 17:43:10.447" endtime="20210630 17:43:12.584"/>
</kw>
<status status="PASS" starttime="20210630 17:42:59.504" endtime="20210630 17:43:12.584"/>
</test>
<test id="s1-t3" name="Caso de Teste 03: Listar Produtos">
<kw name="Abrir navegador" library="reesurce" type="SETUP">
<kw name="Open Browser" library="SeleniumLibrary">
<arg>browser=${BROWSER}</arg>
<doc>Opens a new browser instance to the optional ``url``.</doc>
<msg timestamp="20210630 17:43:12.588" level="INFO">Opening browser 'chrome' to base url 'None'.</msg>
<status status="PASS" starttime="20210630 17:43:12.588" endtime="20210630 17:43:13.810"/>
</kw>
<kw name="Maximize Browser Window" library="SeleniumLibrary">
<doc>Maximizes current browser window.</doc>
<status status="PASS" starttime="20210630 17:43:13.811" endtime="20210630 17:43:13.933"/>
</kw>
<status status="PASS" starttime="20210630 17:43:12.588" endtime="20210630 17:43:13.933"/>
</kw>
<kw name="Acessar a página home do site Automation Practice" library="reesurce">
<kw name="Go To" library="SeleniumLibrary">
<arg>${URL}</arg>
<doc>Navigates the current browser window to the provided ``url``.</doc>
<msg timestamp="20210630 17:43:13.935" level="INFO">Opening url 'http://automationpractice.com'</msg>
<status status="PASS" starttime="20210630 17:43:13.935" endtime="20210630 17:43:17.992"/>
</kw>
<kw name="Wait Until Element Is Visible" library="SeleniumLibrary">
<arg>xpath=//*[@id='block_top_menu']/ul</arg>
<doc>Waits until the element ``locator`` is visible.</doc>
<status status="PASS" starttime="20210630 17:43:17.992" endtime="20210630 17:43:18.026"/>
</kw>
<kw name="Title Should Be" library="SeleniumLibrary">
<arg>My Store</arg>
<doc>Verifies that the current page title equals ``title``.</doc>
<msg timestamp="20210630 17:43:18.031" level="INFO">Page title is 'My Store'.</msg>
<status status="PASS" starttime="20210630 17:43:18.027" endtime="20210630 17:43:18.031"/>
</kw>
<status status="PASS" starttime="20210630 17:43:13.934" endtime="20210630 17:43:18.032"/>
</kw>
<kw name="Passar o mouse por cima da categoria &quot;Women&quot; no menu principal superior de categorias" library="reesurce" sourcename="Passar o mouse por cima da categoria &quot;${CATEGORIA}&quot; no menu principal superior de categorias">
<kw name="Wait Until Element Is Visible" library="SeleniumLibrary">
<arg>xpath=//*[@id="block_top_menu"]/ul/li[1]/a[@title="${CATEGORIA}"]</arg>
<doc>Waits until the element ``locator`` is visible.</doc>
<status status="PASS" starttime="20210630 17:43:18.033" endtime="20210630 17:43:18.070"/>
</kw>
<kw name="Mouse Over" library="SeleniumLibrary">
<arg>xpath=//*[@id="block_top_menu"]/ul/li[1]/a[@title="${CATEGORIA}"]</arg>
<doc>Simulates hovering the mouse over the element ``locator``.</doc>
<msg timestamp="20210630 17:43:18.072" level="INFO">Simulating Mouse Over on element 'xpath=//*[@id="block_top_menu"]/ul/li[1]/a[@title="Women"]'.</msg>
<status status="PASS" starttime="20210630 17:43:18.071" endtime="20210630 17:43:18.368"/>
</kw>
<status status="PASS" starttime="20210630 17:43:18.032" endtime="20210630 17:43:18.368"/>
</kw>
<kw name="Clicar na sub categoria &quot;Summer Dresses&quot;" library="reesurce" sourcename="Clicar na sub categoria &quot;${SUBCATEGORIA}&quot;">
<kw name="Wait Until Element Is Visible" library="SeleniumLibrary">
<arg>xpath=//*[@id="block_top_menu"]/ul/li[1]/ul/li[2]/ul/li[3]/a[@title="${SUBCATEGORIA}"]</arg>
<doc>Waits until the element ``locator`` is visible.</doc>
<status status="PASS" starttime="20210630 17:43:18.370" endtime="20210630 17:43:18.403"/>
</kw>
<kw name="Click Element" library="SeleniumLibrary">
<arg>xpath=//*[@id="block_top_menu"]/ul/li[1]/ul/li[2]/ul/li[3]/a[@title="${SUBCATEGORIA}"]</arg>
<doc>Click the element identified by ``locator``.</doc>
<msg timestamp="20210630 17:43:18.404" level="INFO">Clicking element 'xpath=//*[@id="block_top_menu"]/ul/li[1]/ul/li[2]/ul/li[3]/a[@title="Summer Dresses"]'.</msg>
<status status="PASS" starttime="20210630 17:43:18.403" endtime="20210630 17:43:20.340"/>
</kw>
<status status="PASS" starttime="20210630 17:43:18.369" endtime="20210630 17:43:20.340"/>
</kw>
<kw name="Fechar navegador" library="reesurce" type="TEARDOWN">
<kw name="Close Browser" library="SeleniumLibrary">
<doc>Closes the current browser.</doc>
<status status="PASS" starttime="20210630 17:43:20.341" endtime="20210630 17:43:22.480"/>
</kw>
<status status="PASS" starttime="20210630 17:43:20.341" endtime="20210630 17:43:22.480"/>
</kw>
<status status="PASS" starttime="20210630 17:43:12.587" endtime="20210630 17:43:22.480"/>
</test>
<doc>Aqui estarão presentes todos os cenários de teste Web.</doc>
<status status="PASS" starttime="20210630 17:42:49.981" endtime="20210630 17:43:22.483"/>
</suite>
<statistics>
<total>
<stat pass="3" fail="0" skip="0">All Tests</stat>
</total>
<tag>
</tag>
<suite>
<stat pass="3" fail="0" skip="0" id="s1" name="Web Automation">Web Automation</stat>
</suite>
</statistics>
<errors>
</errors>
</robot>
