<?xml version="1.0" encoding="UTF-8"?>
<robot generator="Robot 4.0.3 (Python 3.8.2 on win32)" generated="20210704 19:45:10.359" rpa="false" schemaversion="2">
<suite id="s1" name="Mobile Automation" source="C:\Users\Ronaldo\Desktop\robotexperts\tests\mobile_automation.robot">
<test id="s1-t1" name="Caso de Teste 03: Usar método Swipe na tela​​">
<kw name="Abrir o aplicativo" library="resourcemobile" type="SETUP">
<kw name="Open Application" library="AppiumLibrary">
<arg>http://localhost:4723/wd/hub</arg>
<arg>automationName=uiautomator2</arg>
<arg>platformName=Android</arg>
<arg>deviceName=f3b7f81f</arg>
<arg>autoGrantPermissions=true</arg>
<arg>appPackage=com.google.android.youtube</arg>
<arg>appActivity=com.google.android.youtube.HomeActivity</arg>
<doc>Opens a new application to given Appium server.
Capabilities of appium server, Android and iOS,
Please check https://github.com/appium/appium/blob/master/docs/en/writing-running-appium/server-args.md
| *Option*            | *Man.* | *Description*     |
| remote_url          | Yes    | Appium server url |
| alias               | no     | alias             |</doc>
<status status="PASS" starttime="20210704 19:45:10.626" endtime="20210704 19:45:22.212"/>
</kw>
<status status="PASS" starttime="20210704 19:45:10.626" endtime="20210704 19:45:22.212"/>
</kw>
<kw name="Entrar no menu “Explorar”​" library="resourcemobile">
<kw name="Wait Until Element Is Visible" library="AppiumLibrary">
<arg>${EXPLORAR_BUTTON}</arg>
<arg>35</arg>
<doc>Waits until element specified with `locator` is visible.</doc>
<status status="PASS" starttime="20210704 19:45:22.214" endtime="20210704 19:45:27.236"/>
</kw>
<kw name="Click Element" library="AppiumLibrary">
<arg>${EXPLORAR_BUTTON}</arg>
<doc>Click element identified by `locator`.</doc>
<msg timestamp="20210704 19:45:27.240" level="INFO">Clicking element 'xpath=//android.widget.Button[@content-desc="Explorar"]'.</msg>
<status status="PASS" starttime="20210704 19:45:27.236" endtime="20210704 19:45:27.556"/>
</kw>
<status status="PASS" starttime="20210704 19:45:22.213" endtime="20210704 19:45:27.557"/>
</kw>
<kw name="Usar swipe de tela até o 10 item da tela​" library="resourcemobile">
<kw name="Sleep" library="BuiltIn">
<arg>4</arg>
<doc>Pauses the test executed for the given time.</doc>
<msg timestamp="20210704 19:45:31.561" level="INFO">Slept 4 seconds</msg>
<status status="PASS" starttime="20210704 19:45:27.559" endtime="20210704 19:45:31.561"/>
</kw>
<kw name="Swipe" library="AppiumLibrary">
<arg>500</arg>
<arg>1600</arg>
<arg>500</arg>
<arg>900</arg>
<doc>Swipe from one point to another point, for an optional duration.</doc>
<status status="PASS" starttime="20210704 19:45:31.561" endtime="20210704 19:45:32.827"/>
</kw>
<kw name="Swipe" library="AppiumLibrary">
<arg>500</arg>
<arg>1600</arg>
<arg>500</arg>
<arg>900</arg>
<doc>Swipe from one point to another point, for an optional duration.</doc>
<status status="PASS" starttime="20210704 19:45:32.828" endtime="20210704 19:45:34.129"/>
</kw>
<kw name="Swipe" library="AppiumLibrary">
<arg>500</arg>
<arg>1600</arg>
<arg>500</arg>
<arg>900</arg>
<doc>Swipe from one point to another point, for an optional duration.</doc>
<status status="PASS" starttime="20210704 19:45:34.129" endtime="20210704 19:45:35.368"/>
</kw>
<kw name="Swipe" library="AppiumLibrary">
<arg>500</arg>
<arg>1600</arg>
<arg>500</arg>
<arg>900</arg>
<doc>Swipe from one point to another point, for an optional duration.</doc>
<status status="PASS" starttime="20210704 19:45:35.368" endtime="20210704 19:45:36.651"/>
</kw>
<kw name="Swipe" library="AppiumLibrary">
<arg>500</arg>
<arg>1600</arg>
<arg>500</arg>
<arg>900</arg>
<doc>Swipe from one point to another point, for an optional duration.</doc>
<status status="PASS" starttime="20210704 19:45:36.651" endtime="20210704 19:45:37.934"/>
</kw>
<kw name="Swipe" library="AppiumLibrary">
<arg>500</arg>
<arg>1600</arg>
<arg>500</arg>
<arg>900</arg>
<doc>Swipe from one point to another point, for an optional duration.</doc>
<status status="PASS" starttime="20210704 19:45:37.934" endtime="20210704 19:45:39.212"/>
</kw>
<kw name="Swipe" library="AppiumLibrary">
<arg>500</arg>
<arg>1600</arg>
<arg>500</arg>
<arg>900</arg>
<doc>Swipe from one point to another point, for an optional duration.</doc>
<status status="PASS" starttime="20210704 19:45:39.212" endtime="20210704 19:45:40.484"/>
</kw>
<kw name="Swipe" library="AppiumLibrary">
<arg>500</arg>
<arg>1600</arg>
<arg>500</arg>
<arg>900</arg>
<doc>Swipe from one point to another point, for an optional duration.</doc>
<status status="PASS" starttime="20210704 19:45:40.484" endtime="20210704 19:45:41.799"/>
</kw>
<kw name="Swipe" library="AppiumLibrary">
<arg>500</arg>
<arg>1600</arg>
<arg>500</arg>
<arg>1300</arg>
<doc>Swipe from one point to another point, for an optional duration.</doc>
<status status="PASS" starttime="20210704 19:45:41.799" endtime="20210704 19:45:43.095"/>
</kw>
<kw name="Swipe" library="AppiumLibrary">
<arg>500</arg>
<arg>1600</arg>
<arg>500</arg>
<arg>1300</arg>
<doc>Swipe from one point to another point, for an optional duration.</doc>
<status status="PASS" starttime="20210704 19:45:43.095" endtime="20210704 19:45:44.362"/>
</kw>
<kw name="Swipe" library="AppiumLibrary">
<arg>500</arg>
<arg>1600</arg>
<arg>500</arg>
<arg>1300</arg>
<doc>Swipe from one point to another point, for an optional duration.</doc>
<status status="PASS" starttime="20210704 19:45:44.362" endtime="20210704 19:45:45.672"/>
</kw>
<status status="PASS" starttime="20210704 19:45:27.558" endtime="20210704 19:45:45.687"/>
</kw>
<kw name="Clicar no vídeo" library="resourcemobile">
<kw name="Wait Until Element Is Visible" library="AppiumLibrary">
<arg>${ABRIR_VIDEO}</arg>
<arg>5</arg>
<doc>Waits until element specified with `locator` is visible.</doc>
<status status="PASS" starttime="20210704 19:45:45.687" endtime="20210704 19:45:45.888"/>
</kw>
<kw name="Click Element" library="AppiumLibrary">
<arg>${ABRIR_VIDEO}</arg>
<doc>Click element identified by `locator`.</doc>
<msg timestamp="20210704 19:45:45.888" level="INFO">Clicking element 'xpath=(//android.widget.ImageView[@content-desc="Ir ao canal"])[3]'.</msg>
<status status="PASS" starttime="20210704 19:45:45.888" endtime="20210704 19:45:46.313"/>
</kw>
<status status="PASS" starttime="20210704 19:45:45.687" endtime="20210704 19:45:46.313"/>
</kw>
<kw name="Fechar o aplicativo" library="resourcemobile" type="TEARDOWN">
<kw name="Capture Page Screenshot" library="AppiumLibrary">
<doc>Takes a screenshot of the current page and embeds it into the log.</doc>
<msg timestamp="20210704 19:45:47.135" level="INFO" html="true">&lt;/td&gt;&lt;/tr&gt;&lt;tr&gt;&lt;td colspan="3"&gt;&lt;a href="appium-screenshot-1.png"&gt;&lt;img src="appium-screenshot-1.png" width="800px"&gt;&lt;/a&gt;</msg>
<status status="PASS" starttime="20210704 19:45:46.323" endtime="20210704 19:45:47.135"/>
</kw>
<kw name="Close Application" library="AppiumLibrary">
<doc>Closes the current application and also close webdriver session.</doc>
<status status="PASS" starttime="20210704 19:45:47.135" endtime="20210704 19:45:47.857"/>
</kw>
<status status="PASS" starttime="20210704 19:45:46.313" endtime="20210704 19:45:47.857"/>
</kw>
<tag>explorar</tag>
<status status="PASS" starttime="20210704 19:45:10.625" endtime="20210704 19:45:47.858"/>
</test>
<doc>Aqui estarão presentes todos os cenarios de testes Mobile Android.</doc>
<status status="PASS" starttime="20210704 19:45:10.364" endtime="20210704 19:45:47.860"/>
</suite>
<statistics>
<total>
<stat pass="1" fail="0" skip="0">All Tests</stat>
</total>
<tag>
<stat pass="1" fail="0" skip="0">explorar</stat>
</tag>
<suite>
<stat pass="1" fail="0" skip="0" id="s1" name="Mobile Automation">Mobile Automation</stat>
</suite>
</statistics>
<errors>
</errors>
</robot>
