<?xml version="1.0" encoding="UTF-8"?>
<robot generator="Robot 4.0.3 (Python 3.8.2 on win32)" generated="20210701 13:11:08.034" rpa="false" schemaversion="2">
<suite id="s1" name="Web Automation" source="C:\Users\Ronaldo\Desktop\robotexperts\tests\web_automation.robot">
<test id="s1-t1" name="Caso de Teste 01: Pesquisar produto existente">
<kw name="Abrir navegador" library="reesurce" type="SETUP">
<kw name="Open Browser" library="SeleniumLibrary">
<arg>browser=${BROWSER}</arg>
<doc>Opens a new browser instance to the optional ``url``.</doc>
<msg timestamp="20210701 13:11:08.243" level="INFO">Opening browser 'chrome' to base url 'None'.</msg>
<status status="PASS" starttime="20210701 13:11:08.242" endtime="20210701 13:11:09.433"/>
</kw>
<kw name="Maximize Browser Window" library="SeleniumLibrary">
<doc>Maximizes current browser window.</doc>
<status status="PASS" starttime="20210701 13:11:09.433" endtime="20210701 13:11:09.587"/>
</kw>
<status status="PASS" starttime="20210701 13:11:08.241" endtime="20210701 13:11:09.588"/>
</kw>
<kw name="Acessar a página home do site Automation Practice" library="reesurce">
<kw name="Go To" library="SeleniumLibrary">
<arg>${URL}</arg>
<doc>Navigates the current browser window to the provided ``url``.</doc>
<msg timestamp="20210701 13:11:09.590" level="INFO">Opening url 'http://automationpractice.com'</msg>
<status status="PASS" starttime="20210701 13:11:09.589" endtime="20210701 13:11:13.417"/>
</kw>
<kw name="Wait Until Element Is Visible" library="SeleniumLibrary">
<arg>xpath=//*[@id='block_top_menu']/ul</arg>
<doc>Waits until the element ``locator`` is visible.</doc>
<status status="PASS" starttime="20210701 13:11:13.417" endtime="20210701 13:11:13.449"/>
</kw>
<kw name="Title Should Be" library="SeleniumLibrary">
<arg>My Store</arg>
<doc>Verifies that the current page title equals ``title``.</doc>
<msg timestamp="20210701 13:11:13.454" level="INFO">Page title is 'My Store'.</msg>
<status status="PASS" starttime="20210701 13:11:13.449" endtime="20210701 13:11:13.454"/>
</kw>
<status status="PASS" starttime="20210701 13:11:09.588" endtime="20210701 13:11:13.454"/>
</kw>
<kw name="Digitar o nome do produto &quot;Blouse&quot; no campo de pesquisa" library="reesurce" sourcename="Digitar o nome do produto &quot;${PRODUTO}&quot; no campo de pesquisa">
<kw name="Input Text" library="SeleniumLibrary">
<arg>name=search_query</arg>
<arg>${PRODUTO}</arg>
<doc>Types the given ``text`` into the text field identified by ``locator``.</doc>
<msg timestamp="20210701 13:11:13.456" level="INFO">Typing text 'Blouse' into text field 'name=search_query'.</msg>
<status status="PASS" starttime="20210701 13:11:13.455" endtime="20210701 13:11:13.566"/>
</kw>
<status status="PASS" starttime="20210701 13:11:13.455" endtime="20210701 13:11:13.566"/>
</kw>
<kw name="Clicar no botão pesquisar" library="reesurce">
<kw name="Click Element" library="SeleniumLibrary">
<arg>name=submit_search</arg>
<doc>Click the element identified by ``locator``.</doc>
<msg timestamp="20210701 13:11:13.568" level="INFO">Clicking element 'name=submit_search'.</msg>
<status status="PASS" starttime="20210701 13:11:13.567" endtime="20210701 13:11:14.768"/>
</kw>
<status status="PASS" starttime="20210701 13:11:13.567" endtime="20210701 13:11:14.769"/>
</kw>
<kw name="Conferir se o produto &quot;Blouse&quot; foi listado no site" library="reesurce" sourcename="Conferir se o produto &quot;${PRODUTO}&quot; foi listado no site">
<kw name="Title Should Be" library="SeleniumLibrary">
<arg>Search - My Store</arg>
<doc>Verifies that the current page title equals ``title``.</doc>
<msg timestamp="20210701 13:11:14.776" level="INFO">Page title is 'Search - My Store'.</msg>
<status status="PASS" starttime="20210701 13:11:14.770" endtime="20210701 13:11:14.776"/>
</kw>
<status status="PASS" starttime="20210701 13:11:14.769" endtime="20210701 13:11:14.776"/>
</kw>
<kw name="Fechar navegador" library="reesurce" type="TEARDOWN">
<kw name="Close Browser" library="SeleniumLibrary">
<doc>Closes the current browser.</doc>
<status status="PASS" starttime="20210701 13:11:14.778" endtime="20210701 13:11:17.094"/>
</kw>
<status status="PASS" starttime="20210701 13:11:14.777" endtime="20210701 13:11:17.094"/>
</kw>
<status status="PASS" starttime="20210701 13:11:08.240" endtime="20210701 13:11:17.094"/>
</test>
<test id="s1-t2" name="Caso de Teste 02: Pesquisar produto não existente">
<kw name="Abrir navegador" library="reesurce" type="SETUP">
<kw name="Open Browser" library="SeleniumLibrary">
<arg>browser=${BROWSER}</arg>
<doc>Opens a new browser instance to the optional ``url``.</doc>
<msg timestamp="20210701 13:11:17.099" level="INFO">Opening browser 'chrome' to base url 'None'.</msg>
<status status="PASS" starttime="20210701 13:11:17.099" endtime="20210701 13:11:18.346"/>
</kw>
<kw name="Maximize Browser Window" library="SeleniumLibrary">
<doc>Maximizes current browser window.</doc>
<status status="PASS" starttime="20210701 13:11:18.347" endtime="20210701 13:11:18.475"/>
</kw>
<status status="PASS" starttime="20210701 13:11:17.098" endtime="20210701 13:11:18.475"/>
</kw>
<kw name="Acessar a página home do site Automation Practice" library="reesurce">
<kw name="Go To" library="SeleniumLibrary">
<arg>${URL}</arg>
<doc>Navigates the current browser window to the provided ``url``.</doc>
<msg timestamp="20210701 13:11:18.477" level="INFO">Opening url 'http://automationpractice.com'</msg>
<status status="PASS" starttime="20210701 13:11:18.476" endtime="20210701 13:11:22.880"/>
</kw>
<kw name="Wait Until Element Is Visible" library="SeleniumLibrary">
<arg>xpath=//*[@id='block_top_menu']/ul</arg>
<doc>Waits until the element ``locator`` is visible.</doc>
<status status="PASS" starttime="20210701 13:11:22.880" endtime="20210701 13:11:22.912"/>
</kw>
<kw name="Title Should Be" library="SeleniumLibrary">
<arg>My Store</arg>
<doc>Verifies that the current page title equals ``title``.</doc>
<msg timestamp="20210701 13:11:22.917" level="INFO">Page title is 'My Store'.</msg>
<status status="PASS" starttime="20210701 13:11:22.912" endtime="20210701 13:11:22.917"/>
</kw>
<status status="PASS" starttime="20210701 13:11:18.475" endtime="20210701 13:11:22.917"/>
</kw>
<kw name="Digitar o nome do produto &quot;itemNãoExistente&quot; no campo de pesquisa" library="reesurce" sourcename="Digitar o nome do produto &quot;${PRODUTO}&quot; no campo de pesquisa">
<kw name="Input Text" library="SeleniumLibrary">
<arg>name=search_query</arg>
<arg>${PRODUTO}</arg>
<doc>Types the given ``text`` into the text field identified by ``locator``.</doc>
<msg timestamp="20210701 13:11:22.919" level="INFO">Typing text 'itemNãoExistente' into text field 'name=search_query'.</msg>
<status status="PASS" starttime="20210701 13:11:22.918" endtime="20210701 13:11:23.053"/>
</kw>
<status status="PASS" starttime="20210701 13:11:22.918" endtime="20210701 13:11:23.055"/>
</kw>
<kw name="Clicar no botão pesquisar" library="reesurce">
<kw name="Click Element" library="SeleniumLibrary">
<arg>name=submit_search</arg>
<doc>Click the element identified by ``locator``.</doc>
<msg timestamp="20210701 13:11:23.061" level="INFO">Clicking element 'name=submit_search'.</msg>
<status status="PASS" starttime="20210701 13:11:23.060" endtime="20210701 13:11:24.005"/>
</kw>
<status status="PASS" starttime="20210701 13:11:23.059" endtime="20210701 13:11:24.005"/>
</kw>
<kw name="Conferir mensagem &quot;No results were found for your search &quot;itemNãoExistente&quot;&quot;" library="reesurce" sourcename="Conferir mensagem &quot;${MENS_ALERTA}&quot;">
<kw name="Wait Until Element Is Visible" library="SeleniumLibrary">
<arg>xpath=//*[@id="center_column"]/p</arg>
<doc>Waits until the element ``locator`` is visible.</doc>
<status status="PASS" starttime="20210701 13:11:24.007" endtime="20210701 13:11:24.322"/>
</kw>
<kw name="Element Text Should Be" library="SeleniumLibrary">
<arg>xpath=//*[@id="center_column"]/p</arg>
<arg>${MENS_ALERTA}</arg>
<doc>Verifies that element ``locator`` contains exact the text ``expected``.</doc>
<msg timestamp="20210701 13:11:24.323" level="INFO">Verifying element 'xpath=//*[@id="center_column"]/p' contains exact text 'No results were found for your search "itemNãoExistente"'.</msg>
<status status="PASS" starttime="20210701 13:11:24.322" endtime="20210701 13:11:24.343"/>
</kw>
<status status="PASS" starttime="20210701 13:11:24.006" endtime="20210701 13:11:24.344"/>
</kw>
<kw name="Fechar navegador" library="reesurce" type="TEARDOWN">
<kw name="Close Browser" library="SeleniumLibrary">
<doc>Closes the current browser.</doc>
<status status="PASS" starttime="20210701 13:11:24.345" endtime="20210701 13:11:26.484"/>
</kw>
<status status="PASS" starttime="20210701 13:11:24.344" endtime="20210701 13:11:26.484"/>
</kw>
<status status="PASS" starttime="20210701 13:11:17.097" endtime="20210701 13:11:26.484"/>
</test>
<test id="s1-t3" name="Caso de Teste 03: Listar Produtos">
<kw name="Abrir navegador" library="reesurce" type="SETUP">
<kw name="Open Browser" library="SeleniumLibrary">
<arg>browser=${BROWSER}</arg>
<doc>Opens a new browser instance to the optional ``url``.</doc>
<msg timestamp="20210701 13:11:26.489" level="INFO">Opening browser 'chrome' to base url 'None'.</msg>
<status status="PASS" starttime="20210701 13:11:26.488" endtime="20210701 13:11:27.616"/>
</kw>
<kw name="Maximize Browser Window" library="SeleniumLibrary">
<doc>Maximizes current browser window.</doc>
<status status="PASS" starttime="20210701 13:11:27.617" endtime="20210701 13:11:27.753"/>
</kw>
<status status="PASS" starttime="20210701 13:11:26.488" endtime="20210701 13:11:27.753"/>
</kw>
<kw name="Acessar a página home do site Automation Practice" library="reesurce">
<kw name="Go To" library="SeleniumLibrary">
<arg>${URL}</arg>
<doc>Navigates the current browser window to the provided ``url``.</doc>
<msg timestamp="20210701 13:11:27.755" level="INFO">Opening url 'http://automationpractice.com'</msg>
<status status="PASS" starttime="20210701 13:11:27.755" endtime="20210701 13:11:33.789"/>
</kw>
<kw name="Wait Until Element Is Visible" library="SeleniumLibrary">
<arg>xpath=//*[@id='block_top_menu']/ul</arg>
<doc>Waits until the element ``locator`` is visible.</doc>
<status status="PASS" starttime="20210701 13:11:33.789" endtime="20210701 13:11:33.818"/>
</kw>
<kw name="Title Should Be" library="SeleniumLibrary">
<arg>My Store</arg>
<doc>Verifies that the current page title equals ``title``.</doc>
<msg timestamp="20210701 13:11:33.823" level="INFO">Page title is 'My Store'.</msg>
<status status="PASS" starttime="20210701 13:11:33.818" endtime="20210701 13:11:33.823"/>
</kw>
<status status="PASS" starttime="20210701 13:11:27.754" endtime="20210701 13:11:33.823"/>
</kw>
<kw name="Passar o mouse por cima da categoria &quot;Women&quot; no menu principal superior de categorias" library="reesurce" sourcename="Passar o mouse por cima da categoria &quot;${CATEGORIA}&quot; no menu principal superior de categorias">
<kw name="Wait Until Element Is Visible" library="SeleniumLibrary">
<arg>xpath=//*[@id="block_top_menu"]/ul/li[1]/a[@title="${CATEGORIA}"]</arg>
<doc>Waits until the element ``locator`` is visible.</doc>
<status status="PASS" starttime="20210701 13:11:33.825" endtime="20210701 13:11:33.860"/>
</kw>
<kw name="Mouse Over" library="SeleniumLibrary">
<arg>xpath=//*[@id="block_top_menu"]/ul/li[1]/a[@title="${CATEGORIA}"]</arg>
<doc>Simulates hovering the mouse over the element ``locator``.</doc>
<msg timestamp="20210701 13:11:33.861" level="INFO">Simulating Mouse Over on element 'xpath=//*[@id="block_top_menu"]/ul/li[1]/a[@title="Women"]'.</msg>
<status status="PASS" starttime="20210701 13:11:33.860" endtime="20210701 13:11:34.146"/>
</kw>
<status status="PASS" starttime="20210701 13:11:33.824" endtime="20210701 13:11:34.146"/>
</kw>
<kw name="Clicar na sub categoria &quot;Summer Dresses&quot;" library="reesurce" sourcename="Clicar na sub categoria &quot;${SUBCATEGORIA}&quot;">
<kw name="Wait Until Element Is Visible" library="SeleniumLibrary">
<arg>xpath=//*[@id="block_top_menu"]/ul/li[1]/ul/li[2]/ul/li[3]/a[@title="${SUBCATEGORIA}"]</arg>
<doc>Waits until the element ``locator`` is visible.</doc>
<status status="PASS" starttime="20210701 13:11:34.148" endtime="20210701 13:11:34.175"/>
</kw>
<kw name="Click Element" library="SeleniumLibrary">
<arg>xpath=//*[@id="block_top_menu"]/ul/li[1]/ul/li[2]/ul/li[3]/a[@title="${SUBCATEGORIA}"]</arg>
<doc>Click the element identified by ``locator``.</doc>
<msg timestamp="20210701 13:11:34.176" level="INFO">Clicking element 'xpath=//*[@id="block_top_menu"]/ul/li[1]/ul/li[2]/ul/li[3]/a[@title="Summer Dresses"]'.</msg>
<status status="PASS" starttime="20210701 13:11:34.176" endtime="20210701 13:11:36.288"/>
</kw>
<status status="PASS" starttime="20210701 13:11:34.147" endtime="20210701 13:11:36.288"/>
</kw>
<kw name="Conferir se os produtos da sub-categoria &quot;Summer Dresses&quot; foram mostrados na página" library="reesurce" sourcename="Conferir se os produtos da sub-categoria &quot;${SUBCATEGORIA}&quot; foram mostrados na página">
<tag>sub</tag>
<kw name="Page Should Contain Image" library="SeleniumLibrary">
<arg>xpath=//*[@id="center_column"]/ul/li[1]/div/div[1]/div/a[2]</arg>
<arg>${SUBCATEGORIA}</arg>
<doc>Verifies image identified by ``locator`` is found from current page.</doc>
<kw name="Capture Page Screenshot" library="SeleniumLibrary">
<doc>Takes a screenshot of the current page and embeds it into a log file.</doc>
<msg timestamp="20210701 13:11:36.537" level="INFO" html="true">&lt;/td&gt;&lt;/tr&gt;&lt;tr&gt;&lt;td colspan="3"&gt;&lt;a href="selenium-screenshot-1.png"&gt;&lt;img src="selenium-screenshot-1.png" width="800px"&gt;&lt;/a&gt;</msg>
<status status="PASS" starttime="20210701 13:11:36.324" endtime="20210701 13:11:36.537"/>
</kw>
<msg timestamp="20210701 13:11:36.537" level="FAIL">Summer Dresses</msg>
<status status="FAIL" starttime="20210701 13:11:36.291" endtime="20210701 13:11:36.537"/>
</kw>
<status status="FAIL" starttime="20210701 13:11:36.290" endtime="20210701 13:11:36.537"/>
</kw>
<kw name="Fechar navegador" library="reesurce" type="TEARDOWN">
<kw name="Close Browser" library="SeleniumLibrary">
<doc>Closes the current browser.</doc>
<status status="PASS" starttime="20210701 13:11:36.542" endtime="20210701 13:11:38.696"/>
</kw>
<status status="PASS" starttime="20210701 13:11:36.537" endtime="20210701 13:11:38.696"/>
</kw>
<status status="FAIL" starttime="20210701 13:11:26.487" endtime="20210701 13:11:38.696">Summer Dresses</status>
</test>
<doc>Aqui estarão presentes todos os cenários de teste Web.</doc>
<status status="FAIL" starttime="20210701 13:11:08.034" endtime="20210701 13:11:38.699"/>
</suite>
<statistics>
<total>
<stat pass="2" fail="1" skip="0">All Tests</stat>
</total>
<tag>
</tag>
<suite>
<stat pass="2" fail="1" skip="0" id="s1" name="Web Automation">Web Automation</stat>
</suite>
</statistics>
<errors>
</errors>
</robot>
